openCVLibrary310/build/intermediates/manifest_merge_blame_file/debug/manifest-merger-blame-debug-report.txt
1<?xml version="1.0" encoding="utf-8"?>
2<manifest xmlns:android="http://schemas.android.com/apk/res/android"
3    xmlns:tools="http://schemas.android.com/tools"
4    package="org.opencv"
5    android:versionCode="3100"
6    android:versionName="3.1.0" > <!-- <uses-sdk android:minSdkVersion="8" android:targetSdkVersion="21" -->
7    <!-- tools:ignore="GradleOverrides" /> -->
8    <uses-sdk
9        android:minSdkVersion="24"
9-->src\main\AndroidManifest.xml
10        android:targetSdkVersion="28" />
10-->src\main\AndroidManifest.xml
11
12</manifest>